<?xml version="1.0" encoding="UTF-8"?>
<!-- Generated by org.testng.reporters.JUnitReportReporter -->
<testsuite hostname="HP-Siddu" name="testCases.SearchProduct" tests="1" failures="0" timestamp="23 Sep 2020 12:52:58 GMT" time="71.401" errors="0">
  <testcase name="searchProduct" time="71.401" classname="testCases.SearchProduct"/>
</testsuite> <!-- testCases.SearchProduct -->
