<?xml version="1.0" encoding="UTF-8"?>
<!-- Generated by org.testng.reporters.JUnitReportReporter -->
<testsuite hostname="HP-Siddu" name="testCases.LoginTest" tests="1" failures="0" timestamp="23 Sep 2020 12:52:58 GMT" time="47.040" errors="0">
  <testcase name="signIn" time="47.040" classname="testCases.LoginTest"/>
</testsuite> <!-- testCases.LoginTest -->
